

*******************************************************************************
Thu Feb 19 23:29:50 2015


FIT:    data read from "/tmp/diode.dat" noerror
        format = z
        #datapoints = 21
        residuals are weighted equally (unit weight)

function used for fitting: f(x)
	f(x) = a + x*(b + x*(c + d*x))
fitted parameters initialized with current variable values

Warning: Initial value of parameter 'a' is zero.
iter      chisq       delta/lim  lambda   a             b             c             d            
   0 6.1792040139e+07   0.00e+00  1.60e+00    1.000000e-30   1.000000e+00   1.000000e-01   1.000000e-02
BREAK: Singular matrix in Invert_RtR

*******************************************************************************
Thu Feb 19 23:31:30 2015


FIT:    data read from "/tmp/diode.dat" noerror
        format = z
        #datapoints = 21
        residuals are weighted equally (unit weight)

function used for fitting: f(x)
	f(x) = a + x*(b + x*(c + d*x))
fitted parameters initialized with current variable values

iter      chisq       delta/lim  lambda   a             b             c             d            
   0 1.6003883978e+04   0.00e+00  2.54e+04   -1.000000e+00   4.919915e+03  -4.314489e+03   9.324830e+02
   4 1.7530569544e+03  -3.88e-02  2.54e+00   -9.999909e-01   4.920926e+03  -4.314829e+03   9.315894e+02

After 4 iterations the fit converged.
final sum of squares of residuals : 1753.06
rel. change during last iteration : -3.87951e-07

degrees of freedom    (FIT_NDF)                        : 17
rms of residuals      (FIT_STDFIT) = sqrt(WSSR/ndf)    : 10.1549
variance of residuals (reduced chisquare) = WSSR/ndf   : 103.121

Final set of parameters            Asymptotic Standard Error
=======================            ==========================
a               = -0.999991        +/- 8796         (8.797e+05%)
b               = 4920.93          +/- 8835         (179.5%)
c               = -4314.83         +/- 2951         (68.38%)
d               = 931.589          +/- 327.6        (35.17%)

correlation matrix of the fit parameters:
                a      b      c      d      
a               1.000 
b              -1.000  1.000 
c               0.999 -1.000  1.000 
d              -0.998  0.999 -1.000  1.000 


*******************************************************************************
Thu Feb 19 23:31:38 2015


FIT:    data read from "/tmp/diode.dat" noerror
        format = z
        #datapoints = 21
        residuals are weighted equally (unit weight)

function used for fitting: f(x)
	f(x) = a + x*(b + x*(c + d*x))
fitted parameters initialized with current variable values

iter      chisq       delta/lim  lambda   a             b             c             d            
   0 6.1851927511e+07   0.00e+00  1.68e+00   -1.000000e+00   1.000000e+00   1.000000e-01   1.000000e-02
   7 1.7277128125e+03  -6.18e-02  1.68e-07    4.359887e+03   5.416111e+02  -2.853212e+03   7.694562e+02

After 7 iterations the fit converged.
final sum of squares of residuals : 1727.71
rel. change during last iteration : -6.17775e-07

degrees of freedom    (FIT_NDF)                        : 17
rms of residuals      (FIT_STDFIT) = sqrt(WSSR/ndf)    : 10.0812
variance of residuals (reduced chisquare) = WSSR/ndf   : 101.63

Final set of parameters            Asymptotic Standard Error
=======================            ==========================
a               = 4359.89          +/- 8733         (200.3%)
b               = 541.611          +/- 8771         (1619%)
c               = -2853.21         +/- 2929         (102.7%)
d               = 769.456          +/- 325.2        (42.27%)

correlation matrix of the fit parameters:
                a      b      c      d      
a               1.000 
b              -1.000  1.000 
c               0.999 -1.000  1.000 
d              -0.998  0.999 -1.000  1.000 


*******************************************************************************
Thu Feb 19 23:31:59 2015


FIT:    data read from "/tmp/diode.dat" noerror
        format = z
        #datapoints = 21
        residuals are weighted equally (unit weight)

function used for fitting: f(x)
	f(x) = a + x*(b + x*c)
fitted parameters initialized with current variable values

iter      chisq       delta/lim  lambda   a             b             c            
   0 6.1871300127e+07   0.00e+00  1.93e+00   -1.000000e+00   1.000000e+00   1.000000e-01
   6 2.2965394266e+03  -3.67e-04  1.93e-06    2.498341e+04  -2.019358e+04   4.075374e+03

After 6 iterations the fit converged.
final sum of squares of residuals : 2296.54
rel. change during last iteration : -3.66717e-09

degrees of freedom    (FIT_NDF)                        : 18
rms of residuals      (FIT_STDFIT) = sqrt(WSSR/ndf)    : 11.2954
variance of residuals (reduced chisquare) = WSSR/ndf   : 127.586

Final set of parameters            Asymptotic Standard Error
=======================            ==========================
a               = 24983.4          +/- 579.5        (2.32%)
b               = -20193.6         +/- 386.1        (1.912%)
c               = 4075.37          +/- 64.05        (1.572%)

correlation matrix of the fit parameters:
                a      b      c      
a               1.000 
b              -1.000  1.000 
c               0.998 -1.000  1.000 


*******************************************************************************
Thu Feb 19 23:36:26 2015


FIT:    data read from data noerror
        format = z
        #datapoints = 21
        residuals are weighted equally (unit weight)

function used for fitting: f(x)
	f(x) = a + x*(b + x*c)
fitted parameters initialized with current variable values

iter      chisq       delta/lim  lambda   a             b             c            
   0 6.1871300127e+07   0.00e+00  1.93e+00   -1.000000e+00   1.000000e+00   1.000000e-01
   6 2.2965394266e+03  -3.67e-04  1.93e-06    2.498341e+04  -2.019358e+04   4.075374e+03

After 6 iterations the fit converged.
final sum of squares of residuals : 2296.54
rel. change during last iteration : -3.66717e-09

degrees of freedom    (FIT_NDF)                        : 18
rms of residuals      (FIT_STDFIT) = sqrt(WSSR/ndf)    : 11.2954
variance of residuals (reduced chisquare) = WSSR/ndf   : 127.586

Final set of parameters            Asymptotic Standard Error
=======================            ==========================
a               = 24983.4          +/- 579.5        (2.32%)
b               = -20193.6         +/- 386.1        (1.912%)
c               = 4075.37          +/- 64.05        (1.572%)

correlation matrix of the fit parameters:
                a      b      c      
a               1.000 
b              -1.000  1.000 
c               0.998 -1.000  1.000 


*******************************************************************************
Thu Feb 19 23:37:35 2015


FIT:    data read from data noerror
        format = z
        #datapoints = 21
        residuals are weighted equally (unit weight)

function used for fitting: f(x)
	f(x) = a + x*(b + x*c)
fitted parameters initialized with current variable values

iter      chisq       delta/lim  lambda   a             b             c            
   0 6.1871300127e+07   0.00e+00  1.93e+00   -1.000000e+00   1.000000e+00   1.000000e-01
   6 2.2965394266e+03  -3.67e-04  1.93e-06    2.498341e+04  -2.019358e+04   4.075374e+03

After 6 iterations the fit converged.
final sum of squares of residuals : 2296.54
rel. change during last iteration : -3.66717e-09

degrees of freedom    (FIT_NDF)                        : 18
rms of residuals      (FIT_STDFIT) = sqrt(WSSR/ndf)    : 11.2954
variance of residuals (reduced chisquare) = WSSR/ndf   : 127.586

Final set of parameters            Asymptotic Standard Error
=======================            ==========================
a               = 24983.4          +/- 579.5        (2.32%)
b               = -20193.6         +/- 386.1        (1.912%)
c               = 4075.37          +/- 64.05        (1.572%)

correlation matrix of the fit parameters:
                a      b      c      
a               1.000 
b              -1.000  1.000 
c               0.998 -1.000  1.000 


*******************************************************************************
Thu Feb 19 23:38:33 2015


FIT:    data read from data noerror
        format = z
        #datapoints = 21
        residuals are weighted equally (unit weight)

function used for fitting: f(x)
	f(x) = a + x*(b + x*c)
fitted parameters initialized with current variable values

iter      chisq       delta/lim  lambda   a             b             c            
   0 6.1871300127e+07   0.00e+00  1.93e+00   -1.000000e+00   1.000000e+00   1.000000e-01
   6 2.2965394266e+03  -3.67e-04  1.93e-06    2.498341e+04  -2.019358e+04   4.075374e+03

After 6 iterations the fit converged.
final sum of squares of residuals : 2296.54
rel. change during last iteration : -3.66717e-09

degrees of freedom    (FIT_NDF)                        : 18
rms of residuals      (FIT_STDFIT) = sqrt(WSSR/ndf)    : 11.2954
variance of residuals (reduced chisquare) = WSSR/ndf   : 127.586

Final set of parameters            Asymptotic Standard Error
=======================            ==========================
a               = 24983.4          +/- 579.5        (2.32%)
b               = -20193.6         +/- 386.1        (1.912%)
c               = 4075.37          +/- 64.05        (1.572%)

correlation matrix of the fit parameters:
                a      b      c      
a               1.000 
b              -1.000  1.000 
c               0.998 -1.000  1.000 


*******************************************************************************
Thu Feb 19 23:39:33 2015


FIT:    data read from "/tmp/diode.dat" noerror
        format = z
        #datapoints = 21
        residuals are weighted equally (unit weight)

function used for fitting: f(x)
	f(x) = a + x*(b + x*c)
fitted parameters initialized with current variable values

iter      chisq       delta/lim  lambda   a             b             c            
   0 6.1871300127e+07   0.00e+00  1.93e+00   -1.000000e+00   1.000000e+00   1.000000e-01
   6 2.2965394266e+03  -3.67e-04  1.93e-06    2.498341e+04  -2.019358e+04   4.075374e+03

After 6 iterations the fit converged.
final sum of squares of residuals : 2296.54
rel. change during last iteration : -3.66717e-09

degrees of freedom    (FIT_NDF)                        : 18
rms of residuals      (FIT_STDFIT) = sqrt(WSSR/ndf)    : 11.2954
variance of residuals (reduced chisquare) = WSSR/ndf   : 127.586

Final set of parameters            Asymptotic Standard Error
=======================            ==========================
a               = 24983.4          +/- 579.5        (2.32%)
b               = -20193.6         +/- 386.1        (1.912%)
c               = 4075.37          +/- 64.05        (1.572%)

correlation matrix of the fit parameters:
                a      b      c      
a               1.000 
b              -1.000  1.000 
c               0.998 -1.000  1.000 


*******************************************************************************
Thu Feb 19 23:40:02 2015


FIT:    data read from "/tmp/diode.dat" noerror
        format = z
        #datapoints = 21
        residuals are weighted equally (unit weight)

function used for fitting: f(x)
	f(x) = a + x*(b + x*c)
fitted parameters initialized with current variable values

iter      chisq       delta/lim  lambda   a             b             c            
   0 6.1871300127e+07   0.00e+00  1.93e+00   -1.000000e+00   1.000000e+00   1.000000e-01
   6 2.2965394266e+03  -3.67e-04  1.93e-06    2.498341e+04  -2.019358e+04   4.075374e+03

After 6 iterations the fit converged.
final sum of squares of residuals : 2296.54
rel. change during last iteration : -3.66717e-09

degrees of freedom    (FIT_NDF)                        : 18
rms of residuals      (FIT_STDFIT) = sqrt(WSSR/ndf)    : 11.2954
variance of residuals (reduced chisquare) = WSSR/ndf   : 127.586

Final set of parameters            Asymptotic Standard Error
=======================            ==========================
a               = 24983.4          +/- 579.5        (2.32%)
b               = -20193.6         +/- 386.1        (1.912%)
c               = 4075.37          +/- 64.05        (1.572%)

correlation matrix of the fit parameters:
                a      b      c      
a               1.000 
b              -1.000  1.000 
c               0.998 -1.000  1.000 


*******************************************************************************
Thu Feb 19 23:40:10 2015


FIT:    data read from "/tmp/diode.dat" noerror
        format = z
        #datapoints = 21
        residuals are weighted equally (unit weight)

function used for fitting: f(x)
	f(x) = a + x*(b + x*c)
fitted parameters initialized with current variable values

iter      chisq       delta/lim  lambda   a             b             c            
   0 6.1871300127e+07   0.00e+00  1.93e+00   -1.000000e+00   1.000000e+00   1.000000e-01
   6 2.2965394266e+03  -3.67e-04  1.93e-06    2.498341e+04  -2.019358e+04   4.075374e+03

After 6 iterations the fit converged.
final sum of squares of residuals : 2296.54
rel. change during last iteration : -3.66717e-09

degrees of freedom    (FIT_NDF)                        : 18
rms of residuals      (FIT_STDFIT) = sqrt(WSSR/ndf)    : 11.2954
variance of residuals (reduced chisquare) = WSSR/ndf   : 127.586

Final set of parameters            Asymptotic Standard Error
=======================            ==========================
a               = 24983.4          +/- 579.5        (2.32%)
b               = -20193.6         +/- 386.1        (1.912%)
c               = 4075.37          +/- 64.05        (1.572%)

correlation matrix of the fit parameters:
                a      b      c      
a               1.000 
b              -1.000  1.000 
c               0.998 -1.000  1.000 


*******************************************************************************
Thu Feb 19 23:40:27 2015


FIT:    data read from "/tmp/diode.dat" noerror
        format = z
        #datapoints = 21
        residuals are weighted equally (unit weight)

function used for fitting: f(x)
	f(x) = a + x*(b + x*c)
fitted parameters initialized with current variable values

iter      chisq       delta/lim  lambda   a             b             c            
   0 6.1871300127e+07   0.00e+00  1.93e+00   -1.000000e+00   1.000000e+00   1.000000e-01
   6 2.2965394266e+03  -3.67e-04  1.93e-06    2.498341e+04  -2.019358e+04   4.075374e+03

After 6 iterations the fit converged.
final sum of squares of residuals : 2296.54
rel. change during last iteration : -3.66717e-09

degrees of freedom    (FIT_NDF)                        : 18
rms of residuals      (FIT_STDFIT) = sqrt(WSSR/ndf)    : 11.2954
variance of residuals (reduced chisquare) = WSSR/ndf   : 127.586

Final set of parameters            Asymptotic Standard Error
=======================            ==========================
a               = 24983.4          +/- 579.5        (2.32%)
b               = -20193.6         +/- 386.1        (1.912%)
c               = 4075.37          +/- 64.05        (1.572%)

correlation matrix of the fit parameters:
                a      b      c      
a               1.000 
b              -1.000  1.000 
c               0.998 -1.000  1.000 


*******************************************************************************
Thu Feb 19 23:40:50 2015


FIT:    data read from "/tmp/diode.dat" noerror
        format = z
        #datapoints = 21
        residuals are weighted equally (unit weight)

function used for fitting: f(x)
	f(x) = a + x*(b + x*c)
fitted parameters initialized with current variable values

iter      chisq       delta/lim  lambda   a             b             c            
   0 6.1871300127e+07   0.00e+00  1.93e+00   -1.000000e+00   1.000000e+00   1.000000e-01
   6 2.2965394266e+03  -3.67e-04  1.93e-06    2.498341e+04  -2.019358e+04   4.075374e+03

After 6 iterations the fit converged.
final sum of squares of residuals : 2296.54
rel. change during last iteration : -3.66717e-09

degrees of freedom    (FIT_NDF)                        : 18
rms of residuals      (FIT_STDFIT) = sqrt(WSSR/ndf)    : 11.2954
variance of residuals (reduced chisquare) = WSSR/ndf   : 127.586

Final set of parameters            Asymptotic Standard Error
=======================            ==========================
a               = 24983.4          +/- 579.5        (2.32%)
b               = -20193.6         +/- 386.1        (1.912%)
c               = 4075.37          +/- 64.05        (1.572%)

correlation matrix of the fit parameters:
                a      b      c      
a               1.000 
b              -1.000  1.000 
c               0.998 -1.000  1.000 


*******************************************************************************
Fri Feb 20 00:33:25 2015


FIT:    data read from "diode.dat" noerror
        format = z
        #datapoints = 21
        residuals are weighted equally (unit weight)

function used for fitting: f(x)
	f(x) = a + x*(b + x*c)
fitted parameters initialized with current variable values

iter      chisq       delta/lim  lambda   a             b             c            
   0 6.1871300127e+07   0.00e+00  1.93e+00   -1.000000e+00   1.000000e+00   1.000000e-01
   6 2.2965394266e+03  -3.67e-04  1.93e-06    2.498341e+04  -2.019358e+04   4.075374e+03

After 6 iterations the fit converged.
final sum of squares of residuals : 2296.54
rel. change during last iteration : -3.66717e-09

degrees of freedom    (FIT_NDF)                        : 18
rms of residuals      (FIT_STDFIT) = sqrt(WSSR/ndf)    : 11.2954
variance of residuals (reduced chisquare) = WSSR/ndf   : 127.586

Final set of parameters            Asymptotic Standard Error
=======================            ==========================
a               = 24983.4          +/- 579.5        (2.32%)
b               = -20193.6         +/- 386.1        (1.912%)
c               = 4075.37          +/- 64.05        (1.572%)

correlation matrix of the fit parameters:
                a      b      c      
a               1.000 
b              -1.000  1.000 
c               0.998 -1.000  1.000 


*******************************************************************************
Fri Feb 20 00:35:37 2015


FIT:    data read from "iv.dat" noerror
        format = z
        #datapoints = 27
        residuals are weighted equally (unit weight)

function used for fitting: (x-vd(r,x))/r
	vd(r,v) = ( -(b + 1/r) + sqrt( (b + 1/r)**2 - 4*c * (a-v/r)) ) / (2*c)
fitted parameters initialized with current variable values

iter      chisq       delta/lim  lambda   r            
   0 1.9992533864e+01   0.00e+00  4.62e-01    1.000000e+00
   4 6.0912413793e-01  -1.23e-01  4.62e-03    2.806760e-01

After 4 iterations the fit converged.
final sum of squares of residuals : 0.609124
rel. change during last iteration : -1.22603e-06

degrees of freedom    (FIT_NDF)                        : 26
rms of residuals      (FIT_STDFIT) = sqrt(WSSR/ndf)    : 0.153062
variance of residuals (reduced chisquare) = WSSR/ndf   : 0.0234279

Final set of parameters            Asymptotic Standard Error
=======================            ==========================
r               = 0.280676         +/- 0.009353     (3.332%)
