21088
21088
21088
27780
42124
42124
42124
42124
42116
42116
42116
42116
42116
43988
46612
46612
46612
46612
46600
46600
46600
46600
46600
47908
48436
48436
48436
48324
48324
48324
48324
48324
48604
49168
49168
49168
49168
48912
48912
48912
48912
48912
49096
49732
49732
49732
49732
49560
49560
49560
49560
49560
49840
50100
50100
50100
49860
49860
49860
49860
49860
50140
50660
50660
50660
50660
50596
50596
50596
50596
50596
50932
50932
50932
50932
50932
50932
50932
50932
50932
50932
50952
51996
51996
51996
51996
51996
51996
51996
51996
52208
52208
52732
52732
52732
52732
52732
52732
52732
52732
52908
53428
53428
53428
53428
53428
53428
53428
53428
53428
53500
53760
53760
53760
53760
54024
54024
54024
54024
54024
54044
54300
54300
54300
54300
54300
54300
54300
54300
54320
54580
54580
54580
54580
54580
54580
54580
54580
54580
54664
55180
55180
55180
55180
55180
55180
55180
55180
55180
55328
55328
55328
55328
55328
55432
55432
55432
55432
55432
55432
55836
55836
55836
55836
55836
55836
55836
55836
55484
55484
55484
55484
55484
55484
55484
55484
55484
55484
55588
57276
57276
57276
57276
56152
56152
56152
56152
56152
55604
57432
57432
57432
57432
57432
57432
57432
57432
56560
57876
57876
57876
57876
57244
57244
57244
57244
57244
57244
58296
58296
58296
58296
57640
57640
57640
57640
57640
57640
58956
58956
58956
58956
58256
58256
58256
58256
58252
58252
59304
59304
59304
59304
59304
59304
59304
59304
59480
60000
60000
60000
60000
59984
59984
59984
59984
59984
59984
60244
60244
60244
60244
60092
60092
60092
60092
60092
60092
60092
60092
60092
60092
60092
60092
60092
60092
60236
60236
60236
61852
61852
61852
61852
61852
61852
61852
60260
61840
61840
61840
61840
61212
61212
61212
61212
61212
61208
62360
62360
62360
61628
61628
61628
61628
61628
61628
62896
62896
62896
62896
62232
62232
62232
62232
62232
62232
62232
62232
62232
62232
62324
62324
62324
62324
62324
62324
63940
63940
63940
63940
63416
63416
63416
63416
63416
63660
64712
64712
64712
64024
64024
64024
64024
64024
63556
64080
64080
64080
64080
64080
64080
64080
64080
64080
63628
66000
66000
66000
66000
64868
64868
64868
64868
64868
64868
66484
66484
66484
65388
65388
65388
65388
65388
65388
67100
67100
67100
67100
66112
66112
66112
66112
66112
65580
67160
67160
67160
67160
66444
66444
66444
66444
66444
65688
67816
67816
67816
67816
67816
67816
67816
67816
67900
68160
68704
68704
68704
68624
68624
68624
68624
68624
68624
69148
69148
69148
69148
68800
68800
68800
68800
68800
68800
69588
69588
69588
69588
69588
69588
69588
69588
69588
69668
70208
70208
70208
70160
70160
70160
70152
70152
70152
70152
