20736
20736
37108
42236
42236
42236
42236
41988
41988
41988
41988
41988
46488
46488
46488
46488
46256
46256
46256
46256
46256
46540
47588
47588
47588
47588
47436
47436
47436
47436
47436
47716
48140
48140
48140
48140
47896
47896
47896
47896
47896
48176
48176
48176
48176
47976
47976
47976
47976
47976
48264
48456
48456
48456
48456
48252
48252
48252
48252
48252
48540
48540
48540
48540
48540
48320
48320
48320
48320
48320
48604
48700
48700
48700
48700
48428
48428
48428
48428
48428
48708
48708
48708
48708
48516
48516
48516
48516
48516
48796
48796
48796
48796
48796
48576
48576
48576
48576
48576
48760
49032
49032
49032
49032
48572
48572
48572
48572
48572
48852
49108
49108
49108
48632
48632
48632
48632
48632
48908
48908
48908
48908
48908
48652
48652
48652
48652
48652
48932
49188
49188
49188
49188
48668
48668
48668
48668
48668
48948
49208
49208
49208
49208
48672
48672
48672
48672
48952
49008
49008
49008
49008
49008
49008
49008
49008
49008
49024
49548
49548
49548
49548
49024
49024
49024
49024
49024
49024
49748
49748
49748
49748
49036
49036
49036
49036
49036
49036
49560
49560
49560
49560
49560
49560
49560
49560
49036
49556
49556
49556
49556
49040
49040
49040
49040
49040
49040
49564
49564
49564
49564
49040
49040
49040
49040
49040
49040
49564
49564
49564
49044
49044
49044
49044
49044
49044
49568
49568
49568
49568
49044
49044
49044
49044
49044
49044
49868
49868
49868
49868
49048
49048
49048
49048
49048
49048
49836
49836
49836
49836
49048
49048
49048
49048
49048
49936
49936
49936
49936
49048
49048
49048
49048
49048
49048
49836
49836
49836
49836
49052
49052
49052
49052
49052
49052
49052
49052
49052
49052
49052
49052
49052
49052
49052
49052
50104
50104
50104
49160
49160
49160
49160
49160
49056
50228
50228
50228
50228
49212
49212
49212
49212
49212
49056
50116
50116
50116
50116
49188
49188
49188
49188
49188
49060
50112
50112
50112
50112
49244
49244
49244
49244
49180
50232
50232
50232
50232
49288
49288
49288
49288
49288
49184
50236
50236
50236
50236
49352
49352
49352
49352
49352
49288
50340
50340
50340
50340
49440
49440
49440
49440
49440
49384
50436
50436
50436
49184
49184
49184
49184
49184
49184
49184
49184
49184
49184
49188
49188
49188
49188
49188
49188
50876
50876
50876
50876
49740
49740
49740
49740
49740
49680
50732
50732
50732
50732
49860
49860
49860
49860
49804
50856
50856
50856
50856
49960
49960
49960
49960
49960
49804
51064
51064
51064
51064
50016
50016
50016
50016
50016
49956
51012
51012
51012
51012
50080
50080
50080
50080
50080
51076
51076
51076
51076
50156
50156
50156
50156
50156
50028
51152
51152
51152
51152
50028
50028
50028
50028
50028
50028
51272
51272
51272
51272
50032
50032
50032
50032
50032
50032
51212
51212
51212
50280
50280
50280
50280
50280
50220
51532
51532
51532
51532
50368
50368
50368
50368
50368
50312
51580
51580
51580
51580
50408
50408
50408
50408
50408
50312
51640
51640
51640
51640
50480
50480
50480
50480
50480
51472
51472
51472
51472
50520
50520
50520
50520
50520
50228
51756
51756
51756
51756
50584
50584
50584
50584
50584
50232
51788
51788
51788
51788
50612
50612
50612
50612
50612
50552
51608
51608
51608
50676
50676
50676
50676
50676
50620
51672
51672
51672
51672
50752
50752
50752
50752
50752
50692
51748
51748
51748
51748
50792
50792
50792
50792
50792
50692
51744
51744
51744
51744
50840
50840
50840
50840
50696
51936
51936
51936
51936
50896
50896
50896
50896
50896
50696
50696
50696
50696
50696
50724
50724
50724
50724
50724
50724
52256
52256
52256
52256
51224
51224
51224
51224
51224
51168
52220
52220
52220
51292
51292
51292
51292
51292
51164
52352
52352
52352
52352
51344
51344
51344
51344
51344
50732
52360
52360
52360
52360
51320
51320
51320
51320
51320
50736
52380
52380
52380
52380
51332
51332
51332
51332
51272
50996
50996
50996
50996
50740
50740
50740
50740
50740
50740
52584
52584
52584
52584
51520
51520
51520
51520
51520
51460
52776
52776
52776
52776
51644
51644
51644
51644
51644
51760
52940
52940
52940
51904
51904
51904
51904
51904
51840
53104
53104
53104
53104
51944
51944
51944
51944
51944
51844
52896
52896
52896
52896
51972
51972
51972
51972
51972
51912
53252
53252
53252
53252
52108
52108
52108
52108
52108
52108
52108
52108
52108
52108
52108
52108
52108
52108
52112
53444
53444
53444
53444
52436
52436
52436
52436
52436
52376
53432
53432
53432
53432
52496
52496
52496
52496
52496
52388
53708
53708
53708
52544
52544
52544
52544
52544
52480
53824
53824
53824
53824
52664
52664
52664
52664
52664
52604
53660
53660
53660
53660
52708
52708
52708
52708
52708
52604
53948
53948
53948
53948
52784
52784
52784
52784
52724
53992
53992
53992
53992
52820
52820
52820
52820
52820
52724
53776
53776
53776
53776
52908
52908
52908
52908
52908
52908
54084
54084
54084
54084
52964
52964
52964
52964
52964
53928
54188
54188
54188
53012
53012
53012
53012
53012
52948
52948
52948
52948
52948
52964
52964
52964
52964
52964
52964
54376
54376
54376
54376
53356
53356
53356
53356
53356
52968
54556
54556
54556
53392
53392
53392
53392
53392
52980
54480
54480
54480
54480
53472
53472
53472
53472
53472
53372
54688
54688
54688
54688
53568
53568
53568
53568
53568
53408
54668
54668
54668
54668
53620
53620
53620
53620
53408
54808
54808
54808
54808
53640
53640
53640
53640
53640
53412
54896
54896
54896
54896
53736
53736
53736
53736
53736
53680
54732
54732
54732
54732
53828
53828
53828
53828
53828
53692
55008
55008
55008
53908
53908
53908
53908
53908
53908
53964
55284
55284
55284
54168
54168
54168
54168
54168
54168
55220
55220
55220
55220
54296
54296
54296
54296
54296
54292
54292
54292
54292
54292
54292
54292
54292
54292
54292
54292
54292
54292
54292
54312
54312
54312
54312
54312
54312
55880
55880
55880
55880
55012
55012
55012
55012
55012
55004
56136
56136
56136
56136
55088
55088
55196
55196
55196
55196
56548
56548
56548
56548
55500
55500
55500
55500
55500
55304
56632
56632
56632
55516
55516
55516
55516
55516
55304
56628
56628
56628
56628
55584
55584
55584
55584
55584
55524
56732
56732
56732
56732
55664
55664
55664
55664
55664
55528
55528
55528
55528
55528
55528
55528
55528
55528
55528
55528
56580
56580
56580
55708
55708
55708
55708
55708
55532
56716
56716
56716
56716
55788
55788
55788
55788
55788
55536
56904
56904
56904
56904
55860
55860
55860
55860
55860
55540
56932
56932
56932
55892
55892
55892
55892
55892
55540
57024
57024
57008
57008
55828
55828
55828
55828
55828
55828
56880
56880
56880
56880
56028
56028
56028
56028
56028
55932
56988
56988
56988
56888
55956
55956
55956
55956
55956
55940
56992
56992
56992
56064
56064
56064
56064
56064
55928
56980
56980
56980
56980
56124
56124
56124
56124
56124
55844
55940
55940
55940
55940
55844
55844
55844
55844
55844
55844
57420
57420
57420
56408
56408
56408
56408
56408
55844
57372
57372
57372
57372
56452
56452
56452
56452
56452
56388
57500
57500
57500
57500
56552
56552
56552
56552
56552
56440
57492
57492
57492
57492
56592
56592
56592
56592
56592
56528
57504
57504
57504
56552
56552
56552
56552
56552
56552
57608
57608
57608
57608
56640
56640
56640
56640
56640
56580
57660
57660
57660
57660
56764
56764
56764
56764
56764
56760
57720
57720
57720
56828
56828
56828
56828
56828
56828
57800
57800
57800
57800
56864
56864
56864
56864
56864
56592
57956
57956
57956
57956
56592
56592
56592
56592
56592
56592
58088
58088
58088
58088
56920
56920
56920
56920
56920
56868
58136
58136
58136
56968
56968
56968
56968
56968
56908
58204
58204
58204
58204
57036
57036
57036
57036
57036
56972
58028
58028
58028
58028
57100
57100
57100
57100
57100
56864
58344
58344
58344
57172
57172
57172
57172
57172
56864
58376
58376
58376
58376
57208
57208
57208
57208
57208
56864
58448
58448
58448
58448
57272
57272
57272
57272
57272
56864
58456
58456
58456
58456
57280
57280
57280
57280
56864
58524
58524
58524
58524
57352
57352
57352
57352
57352
57292
58584
58584
58584
58584
57420
57420
57420
57420
57420
57356
58676
58676
58676
58676
57488
57488
57488
57488
57488
57356
57356
57356
57356
57356
57356
57356
57356
57356
56864
58648
58648
58648
58648
57724
57724
57724
57724
57724
56864
58812
58812
58812
58812
57772
57772
57772
57772
57772
56872
57676
57676
57712
57712
57712
57712
57712
57712
56872
58980
58980
