21108
21108
21108
27612
42036
42036
42036
42036
42080
42080
42080
42080
42080
43816
46180
46180
46180
46180
46164
46164
46164
46164
46164
47396
47396
47396
47396
47336
47336
47336
47336
47336
47496
47756
47756
47756
47756
47784
47784
47784
47784
47784
47948
48204
48204
48204
48204
48300
48300
48300
48300
48300
48468
48468
48468
48468
48468
48424
48424
48424
48424
48436
48596
48596
48596
48596
48676
48676
48676
48676
48676
48832
48920
48920
48920
48920
48760
48760
48760
48760
48760
48912
48912
48912
48912
48912
48844
48844
48844
48844
48844
49008
49048
49048
49048
48900
48900
48900
48900
48900
49060
49060
49060
49060
49060
48948
48948
48948
48948
48948
49108
49108
49108
49108
49108
49000
49000
49000
49000
49000
49160
49276
49276
49276
49276
49008
49008
49008
49008
49168
49168
49168
49168
49168
49012
49012
49012
49012
49012
49092
49288
49288
49288
49288
48944
48944
48944
48944
48944
49100
49332
49332
49332
49332
48940
48940
48940
48940
48940
49100
49400
49400
49400
48944
48944
48944
48944
48944
49104
49404
49404
49404
49404
48956
48956
48956
48956
48956
49116
49376
49376
49376
49376
48960
48960
48960
48960
48960
49120
49496
49496
49496
49496
48972
48972
48972
48972
49132
49392
49392
49392
49392
48980
48980
48980
48980
48980
48980
48980
48980
49140
49400
48984
48984
48984
48984
48984
49144
49404
49404
49404
49404
48988
48988
48988
48988
48988
49148
49716
49716
49716
48992
48992
48992
48992
48992
49152
49676
49676
49676
49676
48992
48992
48992
48992
48992
49152
49856
49856
49856
49856
48996
48996
48996
48996
48996
49156
49680
49680
49680
49680
48996
48996
48996
48996
48996
49212
49212
49212
49212
49212
49212
49212
49212
49212
49212
50144
50144
50144
50144
49216
49216
49216
49216
49216
49216
50260
50260
50260
50260
49216
49216
49216
49216
49216
49216
50268
50268
50268
49276
49276
49276
49276
49276
49220
50300
50300
50300
50300
49284
49284
49284
49284
49284
49228
50284
50284
50284
50284
49336
49336
49336
49336
49336
49232
50548
50548
50548
50548
49400
49400
49400
49400
49400
50392
50628
50628
50628
49440
49440
49440
49440
49440
49340
50720
50720
50720
50720
49340
49340
49340
49340
49340
49340
50772
50772
50772
50772
49592
49592
49592
49592
49592
49344
50784
50784
50784
49604
49604
49604
49604
49604
49344
50736
50736
50736
50736
49736
49736
49736
49736
49736
49348
50920
50920
50920
50920
49752
49752
49752
49752
49752
49348
50984
50984
50984
50984
49352
49352
49352
49352
49352
49612
51028
51028
51028
49848
49848
49848
49848
49848
49352
50932
50932
50932
50932
49876
49876
49876
49876
49876
49356
50912
50912
50912
50912
49872
49872
49872
49872
49872
49616
50968
50968
50968
49932
49932
49932
49932
49932
49360
51112
51112
51112
51112
49940
49940
49940
49940
49940
49360
49360
49360
49360
49360
49360
49360
49360
49360
49360
49364
49888
49888
49888
49888
49364
49364
49364
49364
49364
51468
51540
51540
51540
50668
50668
50668
50668
50668
50668
51720
51720
51720
51720
50752
50752
50752
50752
50752
50744
50744
50744
50744
50744
49368
49368
49368
49368
49368
49368
51772
51772
51772
49372
49372
49372
49372
49372
49372
51824
51824
51824
51824
50776
50776
50776
50776
50776
49372
51764
51764
51764
51764
50836
50836
50836
50836
50836
50780
52428
52428
52428
52428
51368
51368
51368
51368
51368
52376
52376
52376
52376
51412
51412
51412
51412
51412
51316
52632
52632
52632
52632
51552
51552
51552
51552
51552
51396
52712
52712
52712
52712
51716
51716
51716
51716
51716
51600
52916
52804
52804
51708
51708
51708
51708
50544
51760
52836
52836
52836
52836
51868
51868
51868
51868
51868
51784
51784
51784
51784
51784
51784
51784
51784
51784
51784
51784
53156
53156
53156
53156
52268
52268
52268
52268
51788
51788
51788
51788
51788
51792
51792
51792
51792
51792
51792
53504
53504
53504
53504
52336
52336
52336
52336
52336
51792
52196
52196
52196
52196
51796
51796
51796
51796
51796
51796
53088
52716
52480
51356
51356
51356
51356
51356
51376
52688
52688
52688
52688
51596
51596
51596
51596
51596
51596
52912
52912
52912
52912
51772
51772
51772
51772
51772
51772
52824
52824
52824
51844
51844
51844
51844
51844
51816
53092
53092
53092
53092
51896
51896
51896
51896
51896
51820
51820
51820
51820
51820
51824
51824
51824
51824
51824
51824
53380
53380
53380
53380
52196
52196
52196
52196
52196
53248
53248
53248
53248
52292
52292
52292
52292
52292
52264
52264
52264
52264
52264
52264
52264
52264
52264
52264
52268
53696
53696
53696
53696
52624
52624
52624
52624
52624
52628
53944
53944
53944
52760
52760
52760
52760
52760
52732
53784
53784
53784
53784
52800
52800
52800
52800
52800
52800
53852
53852
53852
53852
52852
52852
52852
52852
52852
52852
52852
52852
52852
52852
52852
52852
52852
52852
52860
52964
54396
54396
54396
53192
53192
53192
53192
53192
53188
54240
54240
54240
54240
53240
53240
53240
53240
53240
53240
54532
54532
54532
54532
53352
53352
53352
53352
53352
53348
54400
54400
54400
54400
53412
53412
53412
53412
53412
54464
54464
54464
54464
53448
53448
53448
53448
53448
53448
54500
54500
54500
54500
53520
53520
53520
53520
53520
53516
54568
54568
54568
54568
53568
53568
53568
53568
53568
53568
54620
54620
54620
53588
53588
53588
53588
53588
53588
54876
54876
54876
54876
53660
53660
53660
53660
53660
53656
54708
54708
54708
54708
53720
53720
53720
53720
53720
53664
54956
54956
54956
53776
53776
53776
53776
53776
53776
53776
