28480
28788
28556
28928
28700
29076
28856
29120
28888
29280
29052
29408
29176
29588
29260
29552
29324
29680
29452
29844
29624
30032
29712
29988
29760
30156
29928
30284
30064
30360
30132
30536
30308
30644
30416
30816
30596
30580
30580
30644
30644
30828
30828
30912
30912
31008
30508
31128
30508
31280
31388
31352
31720
31492
31860
31632
32024
31804
32052
31820
32132
31904
32284
32064
32460
32156
32432
32212
32576
32344
32728
32508
32768
32536
32956
32728
33084
32856
33252
33032
33276
33056
33344
33112
33520
33300
33732
33388
33656
33424
33808
33588
33944
33724
34004
33772
34160
33928
34304
34072
34460
34240
34496
34268
34572
34352
34736
34516
34940
34612
34672
34672
34796
34796
34956
34956
35016
35016
