41984
42336
42336
42464
42464
42572
42572
42716
42716
42784
42784
43220
43220
43320
43320
43464
43516
43804
43920
43920
44032
43984
44168
44168
44504
44504
44624
44624
45044
45044
45196
45196
45260
45260
45376
45376
45500
45500
45976
45976
46084
46084
46136
46136
46236
46236
46384
46384
46448
46500
46584
46984
46984
47124
47124
47232
47252
47304
47304
47732
47732
47884
47884
47988
48008
48064
48064
48492
48492
48648
48648
48752
48752
48816
48832
48932
48892
49064
49064
49188
49188
49248
49340
49340
49488
49488
49816
49816
49932
49932
50372
50372
