27200
27200
27200
27168
27168
27588
27588
27640
27640
27672
27672
28068
28068
28136
28136
28500
28432
28504
28504
28576
28576
29060
29028
29028
29028
29028
29028
29484
29484
29592
29592
29936
29936
29956
29956
30028
30028
30508
30448
30452
30448
30452
30448
30512
30512
31000
30952
30956
30952
30972
30972
31028
31064
31464
31464
31464
31464
31464
31464
31524
31624
31632
31632
31632
31632
31632
31692
31692
32032
32032
32108
32108
32112
32112
32156
32156
32124
32124
32180
32180
32204
32204
32284
32284
32328
32328
32280
32280
32304
32304
32316
32316
32372
32372
32384
32384
32812
32812
32792
