26120
26700
26204
26732
26236
26784
26284
26740
26244
26824
26272
26836
26336
26944
26404
26316
26316
26380
26380
26452
26452
26444
26548
26440
26748
26476
27024
26584
26996
26484
27000
26492
27080
26580
27224
26664
27132
26620
27116
26604
27192
26692
27192
26680
27204
26696
27240
26728
27328
26828
27280
26772
27240
26728
27300
26800
27468
26888
27336
26824
27376
26880
27428
26928
27452
26944
27460
26952
27440
26960
27592
27092
27644
27092
27644
27092
27600
27068
27704
27136
27592
27080
27640
27144
27744
27244
27208
27208
27224
27224
27248
26652
27356
27324
27212
27480
27264
27856
27344
27952
27412
27908
27372
27920
27412
27984
27484
27972
27464
27976
27468
28008
27512
28068
27568
27988
27480
28000
