

*******************************************************************************
Fri Feb 20 20:15:34 2015


FIT:    data read from "iv_full.dat" noerror
        format = z
        #datapoints = 26
        residuals are weighted equally (unit weight)

function used for fitting: (x-vd(r,x))/r
	vd(r,v) = ( -(b + 1/r) + sqrt( (b + 1/r)**2 - 4*c * (a-v/r)) ) / (2*c)
fitted parameters initialized with current variable values

iter      chisq       delta/lim  lambda   r            
   0 3.2614689703e+00   0.00e+00  6.90e-01    1.000000e+00
   5 4.8627511803e-03  -9.32e-06  6.90e-06    1.900255e+00

After 5 iterations the fit converged.
final sum of squares of residuals : 0.00486275
rel. change during last iteration : -9.32457e-11

degrees of freedom    (FIT_NDF)                        : 25
rms of residuals      (FIT_STDFIT) = sqrt(WSSR/ndf)    : 0.0139467
variance of residuals (reduced chisquare) = WSSR/ndf   : 0.00019451

Final set of parameters            Asymptotic Standard Error
=======================            ==========================
r               = 1.90026          +/- 0.01215      (0.6395%)


*******************************************************************************
Fri Feb 20 20:17:06 2015


FIT:    data read from "iv_full.dat" noerror
        format = z
        #datapoints = 26
        residuals are weighted equally (unit weight)

function used for fitting: (x-vd(r,x))/r
	vd(r,v) = ( -(b + 1/r) + sqrt( (b + 1/r)**2 - 4*c * (a-v/r)) ) / (2*c)
fitted parameters initialized with current variable values

iter      chisq       delta/lim  lambda   r            
   0 3.2614689703e+00   0.00e+00  6.90e-01    1.000000e+00
   5 4.8627511803e-03  -9.32e-06  6.90e-06    1.900255e+00

After 5 iterations the fit converged.
final sum of squares of residuals : 0.00486275
rel. change during last iteration : -9.32457e-11

degrees of freedom    (FIT_NDF)                        : 25
rms of residuals      (FIT_STDFIT) = sqrt(WSSR/ndf)    : 0.0139467
variance of residuals (reduced chisquare) = WSSR/ndf   : 0.00019451

Final set of parameters            Asymptotic Standard Error
=======================            ==========================
r               = 1.90026          +/- 0.01215      (0.6395%)


*******************************************************************************
Fri Feb 20 20:24:16 2015


FIT:    data read from "iv_full.dat" noerror
        format = z
        #datapoints = 26
        residuals are weighted equally (unit weight)

function used for fitting: (x-vd(r,x))/r
	vd(r,v) = ( -(b + 1/r) + sqrt( (b + 1/r)**2 - 4*c * (a-v/r)) ) / (2*c)
fitted parameters initialized with current variable values

iter      chisq       delta/lim  lambda   r            
   0 3.2614689703e+00   0.00e+00  6.90e-01    1.000000e+00
   5 4.8627511803e-03  -9.32e-06  6.90e-06    1.900255e+00

After 5 iterations the fit converged.
final sum of squares of residuals : 0.00486275
rel. change during last iteration : -9.32457e-11

degrees of freedom    (FIT_NDF)                        : 25
rms of residuals      (FIT_STDFIT) = sqrt(WSSR/ndf)    : 0.0139467
variance of residuals (reduced chisquare) = WSSR/ndf   : 0.00019451

Final set of parameters            Asymptotic Standard Error
=======================            ==========================
r               = 1.90026          +/- 0.01215      (0.6395%)


*******************************************************************************
Fri Feb 20 20:35:33 2015


FIT:    data read from "iv_full.dat" noerror
        format = z
        #datapoints = 26
        residuals are weighted equally (unit weight)

function used for fitting: (x-vd(r,x))/r
	vd(r,v) = ( -(b + 1/r) + sqrt( (b + 1/r)**2 - 4*c * (a-v/r)) ) / (2*c)
fitted parameters initialized with current variable values

iter      chisq       delta/lim  lambda   r            
   0 3.2614689703e+00   0.00e+00  6.90e-01    1.000000e+00
   5 4.8627511803e-03  -9.32e-06  6.90e-06    1.900255e+00

After 5 iterations the fit converged.
final sum of squares of residuals : 0.00486275
rel. change during last iteration : -9.32457e-11

degrees of freedom    (FIT_NDF)                        : 25
rms of residuals      (FIT_STDFIT) = sqrt(WSSR/ndf)    : 0.0139467
variance of residuals (reduced chisquare) = WSSR/ndf   : 0.00019451

Final set of parameters            Asymptotic Standard Error
=======================            ==========================
r               = 1.90026          +/- 0.01215      (0.6395%)


*******************************************************************************
Fri Feb 20 20:56:11 2015


FIT:    data read from "iv_body.dat" noerror
        format = z
        #datapoints = 27
        residuals are weighted equally (unit weight)

function used for fitting: (x-vd(r,x))/r
	vd(r,v) = ( -(b + 1/r) + sqrt( (b + 1/r)**2 - 4*c * (a-v/r)) ) / (2*c)
fitted parameters initialized with current variable values

iter      chisq       delta/lim  lambda   r            
   0 1.9992533864e+01   0.00e+00  4.62e-01    1.000000e+00
   4 6.0912413793e-01  -1.23e-01  4.62e-03    2.806760e-01

After 4 iterations the fit converged.
final sum of squares of residuals : 0.609124
rel. change during last iteration : -1.22603e-06

degrees of freedom    (FIT_NDF)                        : 26
rms of residuals      (FIT_STDFIT) = sqrt(WSSR/ndf)    : 0.153062
variance of residuals (reduced chisquare) = WSSR/ndf   : 0.0234279

Final set of parameters            Asymptotic Standard Error
=======================            ==========================
r               = 0.280676         +/- 0.009353     (3.332%)
